QUERY PLAN
Sort  (cost=119340.29..119352.79 rows=5000 width=34)
  Sort Key: (count(DISTINCT part.p_type)) DESC, customer.c_name
  ->  GroupAggregate  (cost=112839.88..119033.10 rows=5000 width=34)
        Group Key: customer.c_name
        Filter: (count(DISTINCT part.p_type) >= 3)
        ->  Sort  (cost=112839.88..114341.31 rows=600572 width=47)
              Sort Key: customer.c_name
              ->  Hash Join  (cost=8281.50..36720.55 rows=600572 width=47)
                    Hash Cond: (lineitem.l_partkey = part.p_partkey)
                    ->  Hash Join  (cost=7421.50..34283.71 rows=600572 width=30)
                          Hash Cond: (orders.o_custkey = customer.c_custkey)
                          ->  Hash Join  (cost=6714.00..31999.27 rows=600572 width=8)
                                Hash Cond: (lineitem.l_orderkey = orders.o_orderkey)
                                ->  Seq Scan on lineitem  (cost=0.00..18430.72 rows=600572 width=8)
                                ->  Hash  (cost=4253.00..4253.00 rows=150000 width=8)
                                      ->  Seq Scan on orders  (cost=0.00..4253.00 rows=150000 width=8)
                          ->  Hash  (cost=520.00..520.00 rows=15000 width=30)
                                ->  Seq Scan on customer  (cost=0.00..520.00 rows=15000 width=30)
                    ->  Hash  (cost=610.00..610.00 rows=20000 width=25)
                          ->  Seq Scan on part  (cost=0.00..610.00 rows=20000 width=25)
JIT:
  Functions: 32
  Options: Inlining false, Optimization false, Expressions true, Deforming true
